<?xml version="1.0" encoding="UTF-8"?>
<!-- Generated by org.testng.reporters.JUnitReportReporter -->
<testsuite hostname="BDC11-L-7G7R5Q2" name="MavenProject.MavenProject.NewTest" tests="1" failures="0" timestamp="26 Mar 2019 05:42:02 GMT" time="0.020" errors="0">
  <testcase name="f" time="0.020" classname="MavenProject.MavenProject.NewTest"/>
</testsuite> <!-- MavenProject.MavenProject.NewTest -->
