<?xml version="1.0" encoding="UTF-8"?>
<!-- Generated by org.testng.reporters.JUnitReportReporter -->
<testsuite hostname="BDC11-L-7G7R5Q2" name="MavenProject.MavenProject.NewTest" tests="1" failures="0" timestamp="26 Mar 2019 09:17:06 GMT" time="29.486" errors="0">
  <testcase name="f" time="29.486" classname="MavenProject.MavenProject.NewTest"/>
</testsuite> <!-- MavenProject.MavenProject.NewTest -->
